triage/build/outputs/logs/manifest-merger-debug-report.txt
-- Merging decision tree log ---
manifest
ADDED from src\main\AndroidManifest.xml:2:1-51:12
INJECTED from src\main\AndroidManifest.xml:2:1-51:12
INJECTED from src\main\AndroidManifest.xml:2:1-51:12
INJECTED from src\main\AndroidManifest.xml:2:1-51:12
MERGED from [com.android.support:multidex:1.0.2] AndroidManifest.xml:17:1-22:12
MERGED from [:zBarScannerActivity] AndroidManifest.xml:2:1-24:12
INJECTED from src\main\AndroidManifest.xml:2:1-51:12
INJECTED from src\main\AndroidManifest.xml:2:1-51:12
INJECTED from src\main\AndroidManifest.xml:2:1-51:12
	package
		ADDED from src\main\AndroidManifest.xml:3:5-40
		INJECTED from src\main\AndroidManifest.xml
		INJECTED from src\main\AndroidManifest.xml
	android:versionName
		ADDED from src\main\AndroidManifest.xml:5:5-30
		INJECTED from src\main\AndroidManifest.xml
		INJECTED from src\main\AndroidManifest.xml
	xmlns:tools
		ADDED from src\main\AndroidManifest.xml:2:70-116
	xmlns:android
		ADDED from src\main\AndroidManifest.xml:2:11-69
	android:versionCode
		ADDED from src\main\AndroidManifest.xml:4:5-29
		INJECTED from src\main\AndroidManifest.xml
		INJECTED from src\main\AndroidManifest.xml
uses-permission#android.permission.CAMERA
ADDED from src\main\AndroidManifest.xml:7:5-65
MERGED from [:zBarScannerActivity] AndroidManifest.xml:11:5-65
MERGED from [:zBarScannerActivity] AndroidManifest.xml:11:5-65
	android:name
		ADDED from src\main\AndroidManifest.xml:7:22-62
uses-permission#android.permission.RECORD_AUDIO
ADDED from src\main\AndroidManifest.xml:8:5-71
	android:name
		ADDED from src\main\AndroidManifest.xml:8:22-68
uses-permission#android.permission.WRITE_EXTERNAL_STORAGE
ADDED from src\main\AndroidManifest.xml:9:5-81
	android:name
		ADDED from src\main\AndroidManifest.xml:9:22-78
uses-permission#com.google.android.glass.permission.DEVELOPMENT
ADDED from src\main\AndroidManifest.xml:10:5-87
	android:name
		ADDED from src\main\AndroidManifest.xml:10:22-84
uses-permission#android.permission.BLUETOOTH
ADDED from src\main\AndroidManifest.xml:11:5-68
	android:name
		ADDED from src\main\AndroidManifest.xml:11:22-65
uses-permission#android.permission.BLUETOOTH_ADMIN
ADDED from src\main\AndroidManifest.xml:12:5-74
	android:name
		ADDED from src\main\AndroidManifest.xml:12:22-71
uses-permission#android.permission.INTERNET
ADDED from src\main\AndroidManifest.xml:13:5-66
	android:name
		ADDED from src\main\AndroidManifest.xml:13:22-64
uses-feature#android.hardware.camera
ADDED from src\main\AndroidManifest.xml:15:5-60
MERGED from [:zBarScannerActivity] AndroidManifest.xml:13:5-60
MERGED from [:zBarScannerActivity] AndroidManifest.xml:13:5-60
	android:name
		ADDED from src\main\AndroidManifest.xml:15:19-57
application
ADDED from src\main\AndroidManifest.xml:17:5-49:19
MERGED from [:zBarScannerActivity] AndroidManifest.xml:15:5-22:19
MERGED from [:zBarScannerActivity] AndroidManifest.xml:15:5-22:19
	android:supportsRtl
		ADDED from src\main\AndroidManifest.xml:23:9-35
	android:label
		ADDED from src\main\AndroidManifest.xml:22:9-41
	android:configChanges
		ADDED from src\main\AndroidManifest.xml:20:9-39
	android:icon
		ADDED from src\main\AndroidManifest.xml:21:9-45
		REJECTED from [:zBarScannerActivity] AndroidManifest.xml:16:9-45
	android:allowBackup
		ADDED from src\main\AndroidManifest.xml:19:9-35
	android:theme
		ADDED from src\main\AndroidManifest.xml:24:9-59
	tools:replace
		ADDED from src\main\AndroidManifest.xml:18:9-51
activity#de.uniluebeck.imis.triage.activities.MainActivity
ADDED from src\main\AndroidManifest.xml:26:9-41:20
	android:label
		ADDED from src\main\AndroidManifest.xml:29:13-45
	android:icon
		ADDED from src\main\AndroidManifest.xml:28:13-49
	android:name
		ADDED from src\main\AndroidManifest.xml:27:13-77
intent-filter#action:name:com.google.android.glass.action.VOICE_TRIGGER+category:name:android.intent.category.DEFAULT+category:name:android.intent.category.LAUNCHER
ADDED from src\main\AndroidManifest.xml:31:13-36:29
action#com.google.android.glass.action.VOICE_TRIGGER
ADDED from src\main\AndroidManifest.xml:32:17-88
	android:name
		ADDED from src\main\AndroidManifest.xml:32:25-85
category#android.intent.category.LAUNCHER
ADDED from src\main\AndroidManifest.xml:33:17-77
	android:name
		ADDED from src\main\AndroidManifest.xml:33:27-74
category#android.intent.category.DEFAULT
ADDED from src\main\AndroidManifest.xml:34:17-76
	android:name
		ADDED from src\main\AndroidManifest.xml:34:27-73
meta-data#com.google.android.glass.VoiceTrigger
ADDED from src\main\AndroidManifest.xml:38:13-40:57
	android:resource
		ADDED from src\main\AndroidManifest.xml:40:17-54
	android:name
		ADDED from src\main\AndroidManifest.xml:39:17-69
activity#de.uniluebeck.imis.triage.activities.ScanActivity
ADDED from src\main\AndroidManifest.xml:42:9-45:53
	android:screenOrientation
		ADDED from src\main\AndroidManifest.xml:45:13-50
	android:label
		ADDED from src\main\AndroidManifest.xml:44:13-45
	android:name
		ADDED from src\main\AndroidManifest.xml:43:13-52
activity#de.uniluebeck.imis.triage.activities.BluetoothActivity
ADDED from src\main\AndroidManifest.xml:46:9-48:53
	android:screenOrientation
		ADDED from src\main\AndroidManifest.xml:48:13-50
	android:name
		ADDED from src\main\AndroidManifest.xml:47:13-57
uses-sdk
INJECTED from src\main\AndroidManifest.xml reason: use-sdk injection requested
INJECTED from src\main\AndroidManifest.xml
INJECTED from src\main\AndroidManifest.xml
MERGED from [com.android.support:multidex:1.0.2] AndroidManifest.xml:20:5-43
MERGED from [com.android.support:multidex:1.0.2] AndroidManifest.xml:20:5-43
MERGED from [:zBarScannerActivity] AndroidManifest.xml:7:5-9:41
MERGED from [:zBarScannerActivity] AndroidManifest.xml:7:5-9:41
INJECTED from src\main\AndroidManifest.xml
INJECTED from src\main\AndroidManifest.xml
	android:targetSdkVersion
		INJECTED from src\main\AndroidManifest.xml
		ADDED from src\main\AndroidManifest.xml
		INJECTED from src\main\AndroidManifest.xml
	android:minSdkVersion
		INJECTED from src\main\AndroidManifest.xml
		ADDED from src\main\AndroidManifest.xml
		INJECTED from src\main\AndroidManifest.xml
activity#com.dm.zbar.android.scanner.ZBarScannerActivity
ADDED from [:zBarScannerActivity] AndroidManifest.xml:18:9-21:53
	android:screenOrientation
		ADDED from [:zBarScannerActivity] AndroidManifest.xml:21:13-50
	android:label
		ADDED from [:zBarScannerActivity] AndroidManifest.xml:20:13-45
	android:name
		ADDED from [:zBarScannerActivity] AndroidManifest.xml:19:13-75